1729336049753:help
1729336053879:q
1729336092487:q "What is KSP Publications"
1729336174754:q "Tell me about how to create a paid order with KSP Publications"
1729336661124:q "tell what to do step by step"
1729336808268:q "Tell me about how to create a paid order with KSP Publications"
1729337357723:q "do you know about KSP Publications?"
1729337491369:q "Hi how are you?"
1729337531779:q "Do you know about KSP publications?"
1729337589812:q "Do you know about KSP Publications?"
1729337657841:"Do you know about KSP Publications?"
1729337663239:q "Do you know about KSP Publications?"
1729338391344:q "who are you?"
1729340830794:q "Do you know about KSP Publications?"
1729341198311:q "do you know about Wiley?"
1729341241955:q "tell me about KSP Publications"
1729341612509:q "tell me how to make a paid order with KSP Publications"
1729341730794:q "tell me about Wiley"
1729341836085:q "tell me how to make a paid order with KSP Publications"
1729341900587:q
1729341933562:q "tell me how to make a paid order with KSP Publications. one step at a time"
